Start testing: Nov 21 17:38 KST
----------------------------------------------------------
1/3 Testing: copyright
1/3 Test: copyright
Command: "/usr/bin/python3" "-u" "/opt/ros/foxy/share/ament_cmake_test/cmake/run_test.py" "/home/r1mini/sungsik_ws/build/hrdp_beta_actions/test_results/hrdp_beta_actions/copyright.xunit.xml" "--package-name" "hrdp_beta_actions" "--output-file" "/home/r1mini/sungsik_ws/build/hrdp_beta_actions/ament_copyright/copyright.txt" "--command" "/opt/ros/foxy/bin/ament_copyright" "--xunit-file" "/home/r1mini/sungsik_ws/build/hrdp_beta_actions/test_results/hrdp_beta_actions/copyright.xunit.xml"
Directory: /home/r1mini/sungsik_ws/src/hrdp_beta_actions
"copyright" start time: Nov 21 17:38 KST
Output:
----------------------------------------------------------
-- run_test.py: invoking following command in '/home/r1mini/sungsik_ws/src/hrdp_beta_actions':
 - /opt/ros/foxy/bin/ament_copyright --xunit-file /home/r1mini/sungsik_ws/build/hrdp_beta_actions/test_results/hrdp_beta_actions/copyright.xunit.xml
No repository roots and files found
No problems found, checked 0 files
-- run_test.py: return code 0
-- run_test.py: verify result file '/home/r1mini/sungsik_ws/build/hrdp_beta_actions/test_results/hrdp_beta_actions/copyright.xunit.xml'
<end of output>
Test time =   9.44 sec
----------------------------------------------------------
Test Passed.
"copyright" end time: Nov 21 17:39 KST
"copyright" time elapsed: 00:00:09
----------------------------------------------------------

2/3 Testing: lint_cmake
2/3 Test: lint_cmake
Command: "/usr/bin/python3" "-u" "/opt/ros/foxy/share/ament_cmake_test/cmake/run_test.py" "/home/r1mini/sungsik_ws/build/hrdp_beta_actions/test_results/hrdp_beta_actions/lint_cmake.xunit.xml" "--package-name" "hrdp_beta_actions" "--output-file" "/home/r1mini/sungsik_ws/build/hrdp_beta_actions/ament_lint_cmake/lint_cmake.txt" "--command" "/opt/ros/foxy/bin/ament_lint_cmake" "--xunit-file" "/home/r1mini/sungsik_ws/build/hrdp_beta_actions/test_results/hrdp_beta_actions/lint_cmake.xunit.xml"
Directory: /home/r1mini/sungsik_ws/src/hrdp_beta_actions
"lint_cmake" start time: Nov 21 17:39 KST
Output:
----------------------------------------------------------
-- run_test.py: invoking following command in '/home/r1mini/sungsik_ws/src/hrdp_beta_actions':
 - /opt/ros/foxy/bin/ament_lint_cmake --xunit-file /home/r1mini/sungsik_ws/build/hrdp_beta_actions/test_results/hrdp_beta_actions/lint_cmake.xunit.xml
CMakeLists.txt:24: Mismatching spaces inside () after command [whitespace/mismatch]
CMakeLists.txt:27: Weird indentation; use 2 spaces [whitespace/indent]


2 errors
-- run_test.py: return code 1
-- run_test.py: verify result file '/home/r1mini/sungsik_ws/build/hrdp_beta_actions/test_results/hrdp_beta_actions/lint_cmake.xunit.xml'
<end of output>
Test time =   9.10 sec
----------------------------------------------------------
Test Failed.
"lint_cmake" end time: Nov 21 17:39 KST
"lint_cmake" time elapsed: 00:00:09
----------------------------------------------------------

3/3 Testing: xmllint
3/3 Test: xmllint
Command: "/usr/bin/python3" "-u" "/opt/ros/foxy/share/ament_cmake_test/cmake/run_test.py" "/home/r1mini/sungsik_ws/build/hrdp_beta_actions/test_results/hrdp_beta_actions/xmllint.xunit.xml" "--package-name" "hrdp_beta_actions" "--output-file" "/home/r1mini/sungsik_ws/build/hrdp_beta_actions/ament_xmllint/xmllint.txt" "--command" "/opt/ros/foxy/bin/ament_xmllint" "--xunit-file" "/home/r1mini/sungsik_ws/build/hrdp_beta_actions/test_results/hrdp_beta_actions/xmllint.xunit.xml"
Directory: /home/r1mini/sungsik_ws/src/hrdp_beta_actions
"xmllint" start time: Nov 21 17:39 KST
Output:
----------------------------------------------------------
-- run_test.py: invoking following command in '/home/r1mini/sungsik_ws/src/hrdp_beta_actions':
 - /opt/ros/foxy/bin/ament_xmllint --xunit-file /home/r1mini/sungsik_ws/build/hrdp_beta_actions/test_results/hrdp_beta_actions/xmllint.xunit.xml
File 'package.xml' is invalid:
/home/r1mini/sungsik_ws/src/hrdp_beta_actions/package.xml:20: element test_depend: Schemas validity error : Element 'test_depend': This element is not expected. Expected is one of ( member_of_group, export ).
/home/r1mini/sungsik_ws/src/hrdp_beta_actions/package.xml fails to validate

1 files are invalid
-- run_test.py: return code 1
-- run_test.py: verify result file '/home/r1mini/sungsik_ws/build/hrdp_beta_actions/test_results/hrdp_beta_actions/xmllint.xunit.xml'
<end of output>
Test time =  11.56 sec
----------------------------------------------------------
Test Failed.
"xmllint" end time: Nov 21 17:39 KST
"xmllint" time elapsed: 00:00:11
----------------------------------------------------------

End testing: Nov 21 17:39 KST

copyright =   9.44 sec*proc

lint_cmake =   9.10 sec*proc

linter =  30.10 sec*proc

xmllint =  11.56 sec*proc

