[01m[K/home/r1mini/sungsik_ws/build/hrdp_beta_actions/rosidl_generator_py/hrdp_beta_actions/action/_rgb_frame_s.c:11:10:[m[K [01;31m[Kfatal error: [m[Knumpy/ndarrayobject.h: No such file or directory
   11 | #include [01;31m[K"numpy/ndarrayobject.h"[m[K
      |          [01;31m[K^~~~~~~~~~~~~~~~~~~~~~~[m[K
compilation terminated.
make[2]: *** [CMakeFiles/hrdp_beta_actions__python.dir/build.make:63: CMakeFiles/hrdp_beta_actions__python.dir/rosidl_generator_py/hrdp_beta_actions/action/_rgb_frame_s.c.o] Error 1
make[1]: *** [CMakeFiles/Makefile2:526: CMakeFiles/hrdp_beta_actions__python.dir/all] Error 2
make: *** [Makefile:141: all] Error 2
