<?xml version="1.0" encoding="UTF-8"?>
<testsuite
  name="hrdp_perception.pep257"
  tests="16"
  errors="0"
  failures="9"
  time="0.669"
>
  <testcase
    name="./src/perception.py"
    classname="hrdp_perception.pep257"/>
  <testcase
    name="./src/vision/face_detection/face_detection_action_server.py"
    classname="hrdp_perception.pep257"/>
  <testcase
    name="./src/vision/face_detection/face_detector.py"
    classname="hrdp_perception.pep257"/>
  <testcase
    name="D204 (./src/vision/face_detection/rgb_subscriber.py:8)"
    classname="hrdp_perception.pep257"
  >
      <failure message="D204: 1 blank line required after class docstring (found 0)"/>
  </testcase>
  <testcase
    name="D205 (./src/vision/face_detection/rgb_subscriber.py:8)"
    classname="hrdp_perception.pep257"
  >
      <failure message="D205: 1 blank line required between summary line and description (found 0)"/>
  </testcase>
  <testcase
    name="D400 (./src/vision/face_detection/rgb_subscriber.py:8)"
    classname="hrdp_perception.pep257"
  >
      <failure message="D400: First line should end with a period (not 'r')"/>
  </testcase>
  <testcase
    name="./src/vision/gesture_detection/gesture_detection_constants.py"
    classname="hrdp_perception.pep257"/>
  <testcase
    name="D204 (./src/vision/gesture_detection/gesture_transformer.py:13)"
    classname="hrdp_perception.pep257"
  >
      <failure message="D204: 1 blank line required after class docstring (found 0)"/>
  </testcase>
  <testcase
    name="D205 (./src/vision/gesture_detection/gesture_transformer.py:13)"
    classname="hrdp_perception.pep257"
  >
      <failure message="D205: 1 blank line required between summary line and description (found 0)"/>
  </testcase>
  <testcase
    name="D400 (./src/vision/gesture_detection/gesture_transformer.py:13)"
    classname="hrdp_perception.pep257"
  >
      <failure message="D400: First line should end with a period (not 'r')"/>
  </testcase>
  <testcase
    name="D204 (./src/vision/gesture_detection/rgb_subscriber.py:8)"
    classname="hrdp_perception.pep257"
  >
      <failure message="D204: 1 blank line required after class docstring (found 0)"/>
  </testcase>
  <testcase
    name="D205 (./src/vision/gesture_detection/rgb_subscriber.py:8)"
    classname="hrdp_perception.pep257"
  >
      <failure message="D205: 1 blank line required between summary line and description (found 0)"/>
  </testcase>
  <testcase
    name="D400 (./src/vision/gesture_detection/rgb_subscriber.py:8)"
    classname="hrdp_perception.pep257"
  >
      <failure message="D400: First line should end with a period (not 'r')"/>
  </testcase>
  <testcase
    name="./src/vision/sample_body_pose_detection.py"
    classname="hrdp_perception.pep257"/>
  <testcase
    name="./src/vision/sample_face_detection.py"
    classname="hrdp_perception.pep257"/>
  <testcase
    name="./src/vision/sample_hand_pose_detection.py"
    classname="hrdp_perception.pep257"/>
  <system-out>Checked files:
* ./src/perception.py
* ./src/vision/face_detection/face_detection_action_server.py
* ./src/vision/face_detection/face_detector.py
* ./src/vision/face_detection/rgb_subscriber.py
* ./src/vision/gesture_detection/gesture_detection_constants.py
* ./src/vision/gesture_detection/gesture_transformer.py
* ./src/vision/gesture_detection/rgb_subscriber.py
* ./src/vision/sample_body_pose_detection.py
* ./src/vision/sample_face_detection.py
* ./src/vision/sample_hand_pose_detection.py</system-out>
</testsuite>
