[0.437s] Invoking command in '/home/r1mini/sungsik_ws/build/my_cpp_py_pkg': CMAKE_PREFIX_PATH=${CMAKE_PREFIX_PATH}:/home/r1mini/sungsik_ws/install/hrdp_beta_perception:/home/r1mini/ros2_ws/install/omo_r1mini_teleop:/home/r1mini/ros2_ws/install/omo_r1mini_bringup:/opt/ros/foxy /usr/bin/cmake --build /home/r1mini/sungsik_ws/build/my_cpp_py_pkg -- -j4 -l4
[0.809s] -- Found ament_cmake: 0.9.11 (/opt/ros/foxy/share/ament_cmake/cmake)
[1.583s] -- Using PYTHON_EXECUTABLE: /usr/bin/python3
[7.077s] -- Override CMake install command with custom implementation using symlinks instead of copying resources
[7.231s] -- Found rclcpp: 2.4.2 (/opt/ros/foxy/share/rclcpp/cmake)
[8.564s] -- Using all available rosidl_typesupport_c: rosidl_typesupport_fastrtps_c;rosidl_typesupport_introspection_c
[8.661s] -- Found rosidl_adapter: 1.3.0 (/opt/ros/foxy/share/rosidl_adapter/cmake)
[12.941s] -- Using all available rosidl_typesupport_cpp: rosidl_typesupport_fastrtps_cpp;rosidl_typesupport_introspection_cpp
[15.833s] -- Found rmw_implementation_cmake: 1.0.3 (/opt/ros/foxy/share/rmw_implementation_cmake/cmake)
[15.957s] -- Using RMW implementation 'rmw_fastrtps_cpp' as default
[20.309s] -- Found rclpy: 1.0.11 (/opt/ros/foxy/share/rclpy/cmake)
[22.109s] -- Found ament_lint_auto: 0.9.7 (/opt/ros/foxy/share/ament_lint_auto/cmake)
[25.137s] -- Added test 'copyright' to check source files copyright and LICENSE
[25.148s] -- Added test 'cppcheck' to perform static code analysis on C / C++ code
[25.151s] -- Configured cppcheck include dirs: /home/r1mini/sungsik_ws/src/my_cpp_py_pkg/include
[25.153s] -- Configured cppcheck exclude dirs and/or files: 
[25.179s] -- Added test 'cpplint' to check C / C++ code against the Google style
[25.186s] -- Configured cpplint exclude dirs and/or files: 
[25.189s] -- Added test 'flake8' to check Python code syntax and style conventions
[25.194s] -- Added test 'lint_cmake' to check CMake code style
[25.201s] -- Added test 'pep257' to check Python code against some of the style conventions in PEP 257
[25.209s] -- Added test 'uncrustify' to check C / C++ code style
[25.212s] -- Configured uncrustify additional arguments: 
[25.220s] -- Added test 'xmllint' to check XML markup files
[25.281s] -- Configuring done
[25.406s] -- Generating done
[25.430s] -- Build files have been written to: /home/r1mini/sungsik_ws/build/my_cpp_py_pkg
[26.258s] [35m[1mScanning dependencies of target cpp_executable[0m
[26.708s] [ 50%] [32mBuilding CXX object CMakeFiles/cpp_executable.dir/src/cpp_node.cpp.o[0m
[28.029s] [100%] [32m[1mLinking CXX executable cpp_executable[0m
[29.738s] /usr/bin/ld: /usr/lib/gcc/aarch64-linux-gnu/9/../../../aarch64-linux-gnu/Scrt1.o: in function `_start':
[29.751s] (.text+0x18): undefined reference to `main'
[29.807s] /usr/bin/ld: (.text+0x1c): undefined reference to `main'
[29.812s] collect2: error: ld returned 1 exit status
[29.820s] make[2]: *** [CMakeFiles/cpp_executable.dir/build.make:84: cpp_executable] Error 1
[29.822s] make[1]: *** [CMakeFiles/Makefile2:78: CMakeFiles/cpp_executable.dir/all] Error 2
[29.871s] make: *** [Makefile:141: all] Error 2
[29.902s] Invoked command in '/home/r1mini/sungsik_ws/build/my_cpp_py_pkg' returned '2': CMAKE_PREFIX_PATH=${CMAKE_PREFIX_PATH}:/home/r1mini/sungsik_ws/install/hrdp_beta_perception:/home/r1mini/ros2_ws/install/omo_r1mini_teleop:/home/r1mini/ros2_ws/install/omo_r1mini_bringup:/opt/ros/foxy /usr/bin/cmake --build /home/r1mini/sungsik_ws/build/my_cpp_py_pkg -- -j4 -l4
