Start testing: Nov 21 17:38 KST
----------------------------------------------------------
1/3 Testing: copyright
1/3 Test: copyright
Command: "/usr/bin/python3" "-u" "/opt/ros/foxy/share/ament_cmake_test/cmake/run_test.py" "/home/r1mini/sungsik_ws/build/hrdp_actuators/test_results/hrdp_actuators/copyright.xunit.xml" "--package-name" "hrdp_actuators" "--output-file" "/home/r1mini/sungsik_ws/build/hrdp_actuators/ament_copyright/copyright.txt" "--command" "/opt/ros/foxy/bin/ament_copyright" "--xunit-file" "/home/r1mini/sungsik_ws/build/hrdp_actuators/test_results/hrdp_actuators/copyright.xunit.xml"
Directory: /home/r1mini/sungsik_ws/src/hrdp_actuators
"copyright" start time: Nov 21 17:38 KST
Output:
----------------------------------------------------------
-- run_test.py: invoking following command in '/home/r1mini/sungsik_ws/src/hrdp_actuators':
 - /opt/ros/foxy/bin/ament_copyright --xunit-file /home/r1mini/sungsik_ws/build/hrdp_actuators/test_results/hrdp_actuators/copyright.xunit.xml
No repository roots and files found
No problems found, checked 0 files
-- run_test.py: return code 0
-- run_test.py: verify result file '/home/r1mini/sungsik_ws/build/hrdp_actuators/test_results/hrdp_actuators/copyright.xunit.xml'
<end of output>
Test time =   9.54 sec
----------------------------------------------------------
Test Passed.
"copyright" end time: Nov 21 17:39 KST
"copyright" time elapsed: 00:00:09
----------------------------------------------------------

2/3 Testing: lint_cmake
2/3 Test: lint_cmake
Command: "/usr/bin/python3" "-u" "/opt/ros/foxy/share/ament_cmake_test/cmake/run_test.py" "/home/r1mini/sungsik_ws/build/hrdp_actuators/test_results/hrdp_actuators/lint_cmake.xunit.xml" "--package-name" "hrdp_actuators" "--output-file" "/home/r1mini/sungsik_ws/build/hrdp_actuators/ament_lint_cmake/lint_cmake.txt" "--command" "/opt/ros/foxy/bin/ament_lint_cmake" "--xunit-file" "/home/r1mini/sungsik_ws/build/hrdp_actuators/test_results/hrdp_actuators/lint_cmake.xunit.xml"
Directory: /home/r1mini/sungsik_ws/src/hrdp_actuators
"lint_cmake" start time: Nov 21 17:39 KST
Output:
----------------------------------------------------------
-- run_test.py: invoking following command in '/home/r1mini/sungsik_ws/src/hrdp_actuators':
 - /opt/ros/foxy/bin/ament_lint_cmake --xunit-file /home/r1mini/sungsik_ws/build/hrdp_actuators/test_results/hrdp_actuators/lint_cmake.xunit.xml

No problems found
-- run_test.py: return code 0
-- run_test.py: verify result file '/home/r1mini/sungsik_ws/build/hrdp_actuators/test_results/hrdp_actuators/lint_cmake.xunit.xml'
<end of output>
Test time =   8.74 sec
----------------------------------------------------------
Test Passed.
"lint_cmake" end time: Nov 21 17:39 KST
"lint_cmake" time elapsed: 00:00:08
----------------------------------------------------------

3/3 Testing: xmllint
3/3 Test: xmllint
Command: "/usr/bin/python3" "-u" "/opt/ros/foxy/share/ament_cmake_test/cmake/run_test.py" "/home/r1mini/sungsik_ws/build/hrdp_actuators/test_results/hrdp_actuators/xmllint.xunit.xml" "--package-name" "hrdp_actuators" "--output-file" "/home/r1mini/sungsik_ws/build/hrdp_actuators/ament_xmllint/xmllint.txt" "--command" "/opt/ros/foxy/bin/ament_xmllint" "--xunit-file" "/home/r1mini/sungsik_ws/build/hrdp_actuators/test_results/hrdp_actuators/xmllint.xunit.xml"
Directory: /home/r1mini/sungsik_ws/src/hrdp_actuators
"xmllint" start time: Nov 21 17:39 KST
Output:
----------------------------------------------------------
-- run_test.py: invoking following command in '/home/r1mini/sungsik_ws/src/hrdp_actuators':
 - /opt/ros/foxy/bin/ament_xmllint --xunit-file /home/r1mini/sungsik_ws/build/hrdp_actuators/test_results/hrdp_actuators/xmllint.xunit.xml
File 'package.xml' is valid

No problems found
-- run_test.py: return code 0
-- run_test.py: verify result file '/home/r1mini/sungsik_ws/build/hrdp_actuators/test_results/hrdp_actuators/xmllint.xunit.xml'
<end of output>
Test time =  11.59 sec
----------------------------------------------------------
Test Passed.
"xmllint" end time: Nov 21 17:39 KST
"xmllint" time elapsed: 00:00:11
----------------------------------------------------------

End testing: Nov 21 17:39 KST

copyright =   9.54 sec*proc

lint_cmake =   8.74 sec*proc

linter =  29.87 sec*proc

xmllint =  11.59 sec*proc

