Start testing: Nov 21 17:39 KST
----------------------------------------------------------
1/5 Testing: copyright
1/5 Test: copyright
Command: "/usr/bin/python3" "-u" "/opt/ros/foxy/share/ament_cmake_test/cmake/run_test.py" "/home/r1mini/sungsik_ws/build/hrdp_sensors/test_results/hrdp_sensors/copyright.xunit.xml" "--package-name" "hrdp_sensors" "--output-file" "/home/r1mini/sungsik_ws/build/hrdp_sensors/ament_copyright/copyright.txt" "--command" "/opt/ros/foxy/bin/ament_copyright" "--xunit-file" "/home/r1mini/sungsik_ws/build/hrdp_sensors/test_results/hrdp_sensors/copyright.xunit.xml"
Directory: /home/r1mini/sungsik_ws/src/hrdp_sensors
"copyright" start time: Nov 21 17:39 KST
Output:
----------------------------------------------------------
-- run_test.py: invoking following command in '/home/r1mini/sungsik_ws/src/hrdp_sensors':
 - /opt/ros/foxy/bin/ament_copyright --xunit-file /home/r1mini/sungsik_ws/build/hrdp_sensors/test_results/hrdp_sensors/copyright.xunit.xml
src/camera/camera_constants.py: could not find copyright notice
src/camera/camera_publisher.py: could not find copyright notice
src/camera/depth_filter_manager.py: could not find copyright notice
src/camera/rgb_camera.py: could not find copyright notice
src/camera/rgbd_camera.py: could not find copyright notice
5 errors, checked 6 files
-- run_test.py: return code 1
-- run_test.py: verify result file '/home/r1mini/sungsik_ws/build/hrdp_sensors/test_results/hrdp_sensors/copyright.xunit.xml'
<end of output>
Test time =   8.69 sec
----------------------------------------------------------
Test Failed.
"copyright" end time: Nov 21 17:39 KST
"copyright" time elapsed: 00:00:08
----------------------------------------------------------

2/5 Testing: flake8
2/5 Test: flake8
Command: "/usr/bin/python3" "-u" "/opt/ros/foxy/share/ament_cmake_test/cmake/run_test.py" "/home/r1mini/sungsik_ws/build/hrdp_sensors/test_results/hrdp_sensors/flake8.xunit.xml" "--package-name" "hrdp_sensors" "--output-file" "/home/r1mini/sungsik_ws/build/hrdp_sensors/ament_flake8/flake8.txt" "--command" "/opt/ros/foxy/bin/ament_flake8" "--xunit-file" "/home/r1mini/sungsik_ws/build/hrdp_sensors/test_results/hrdp_sensors/flake8.xunit.xml"
Directory: /home/r1mini/sungsik_ws/src/hrdp_sensors
"flake8" start time: Nov 21 17:39 KST
Output:
----------------------------------------------------------
-- run_test.py: invoking following command in '/home/r1mini/sungsik_ws/src/hrdp_sensors':
 - /opt/ros/foxy/bin/ament_flake8 --xunit-file /home/r1mini/sungsik_ws/build/hrdp_sensors/test_results/hrdp_sensors/flake8.xunit.xml

./src/camera/depth_filter_manager.py:3:1: E302 expected 2 blank lines, found 1
class DepthFilterManager:
^

./src/camera/depth_filter_manager.py:8:56: E251 unexpected spaces around keyword / parameter equals
    def apply_DepthFilter(self, depth_frame, filterType = None):
                                                       ^

./src/camera/depth_filter_manager.py:8:58: E251 unexpected spaces around keyword / parameter equals
    def apply_DepthFilter(self, depth_frame, filterType = None):
                                                         ^

./src/camera/depth_filter_manager.py:12:25: E225 missing whitespace around operator
        if filterType =='decimation':
                        ^

./src/camera/depth_filter_manager.py:31:100: E501 line too long (147 > 99 characters)
            """
            [ Spatial Filter ]
            - aka Domain-Transformation Edge Preserving Smoothing
            - 1D edge-preserving spatial filter using high-order domain transform
            - linear time compute, not affected by the choice of params
            - params = {
                filter magnitude : #filter_iterations (1 ~ 5) default 2,
                Smooth alpha : exponential moving average with (Alpha = 1 - no filter) ~ (Alpha = 0 - infinite filter) range(0.25 ~ 1) default 0.5,
                Smooth delta : Step-size boundary = how much should I preserve edges (1 ~ 50) default 20,
                Hole Filling : heuristic symmetric hole-filling (0 ~ 5) default 0
            }
            """
                                                                                                   ^

./src/camera/depth_filter_manager.py:32:100: E501 line too long (105 > 99 characters)
            """
            [ Spatial Filter ]
            - aka Domain-Transformation Edge Preserving Smoothing
            - 1D edge-preserving spatial filter using high-order domain transform
            - linear time compute, not affected by the choice of params
            - params = {
                filter magnitude : #filter_iterations (1 ~ 5) default 2,
                Smooth alpha : exponential moving average with (Alpha = 1 - no filter) ~ (Alpha = 0 - infinite filter) range(0.25 ~ 1) default 0.5,
                Smooth delta : Step-size boundary = how much should I preserve edges (1 ~ 50) default 20,
                Hole Filling : heuristic symmetric hole-filling (0 ~ 5) default 0
            }
            """
                                                                                                   ^

./src/camera/depth_filter_manager.py:42:100: E501 line too long (126 > 99 characters)
            """
            [ Temporal Filter ]
            - improving depth data persistencyt6 by manipulating per-pixel values based on previous frames history (+updating)
            - if missing/invalid : apply user-defined persistency mode
            - great reliance to historic data -> best suited for static scenes!
            - params = {
                Smooth alpha : exponential moving average with (Alpha = 1 - no filter) ~ (Alpha = 0 - infinite filter) range(0 ~ 1) default 0.4,
                Smooth delta : Step-size boundary = how much should I preserve surfaces/edges (1 ~ 100) default 20,
                Persistency Index : predefined rule that governs invalid data. Differ mode by mode (details in librealsense github) range(0 ~ 8) default 3
            }
            """
                                                                                                   ^

./src/camera/depth_filter_manager.py:46:100: E501 line too long (144 > 99 characters)
            """
            [ Temporal Filter ]
            - improving depth data persistencyt6 by manipulating per-pixel values based on previous frames history (+updating)
            - if missing/invalid : apply user-defined persistency mode
            - great reliance to historic data -> best suited for static scenes!
            - params = {
                Smooth alpha : exponential moving average with (Alpha = 1 - no filter) ~ (Alpha = 0 - infinite filter) range(0 ~ 1) default 0.4,
                Smooth delta : Step-size boundary = how much should I preserve surfaces/edges (1 ~ 100) default 20,
                Persistency Index : predefined rule that governs invalid data. Differ mode by mode (details in librealsense github) range(0 ~ 8) default 3
            }
            """
                                                                                                   ^

./src/camera/depth_filter_manager.py:47:100: E501 line too long (115 > 99 characters)
            """
            [ Temporal Filter ]
            - improving depth data persistencyt6 by manipulating per-pixel values based on previous frames history (+updating)
            - if missing/invalid : apply user-defined persistency mode
            - great reliance to historic data -> best suited for static scenes!
            - params = {
                Smooth alpha : exponential moving average with (Alpha = 1 - no filter) ~ (Alpha = 0 - infinite filter) range(0 ~ 1) default 0.4,
                Smooth delta : Step-size boundary = how much should I preserve surfaces/edges (1 ~ 100) default 20,
                Persistency Index : predefined rule that governs invalid data. Differ mode by mode (details in librealsense github) range(0 ~ 8) default 3
            }
            """
                                                                                                   ^

./src/camera/depth_filter_manager.py:48:100: E501 line too long (154 > 99 characters)
            """
            [ Temporal Filter ]
            - improving depth data persistencyt6 by manipulating per-pixel values based on previous frames history (+updating)
            - if missing/invalid : apply user-defined persistency mode
            - great reliance to historic data -> best suited for static scenes!
            - params = {
                Smooth alpha : exponential moving average with (Alpha = 1 - no filter) ~ (Alpha = 0 - infinite filter) range(0 ~ 1) default 0.4,
                Smooth delta : Step-size boundary = how much should I preserve surfaces/edges (1 ~ 100) default 20,
                Persistency Index : predefined rule that governs invalid data. Differ mode by mode (details in librealsense github) range(0 ~ 8) default 3
            }
            """
                                                                                                   ^

./src/camera/depth_filter_manager.py:60:100: E501 line too long (116 > 99 characters)
            """
            [ Hole Filling Filter ]
            - Rectify missing data with N4-neighbors : select one of them under user-defined rule
            - range(0 ~ 2) = {
                0 : fill_from_left = use the value from the left neighbor,
                1 : farest_from_around = use the value from the N4 which is FURTHEST away from the sensor, (default)
                2 : nearest_from_around = use the value from the N4 which is CLOSEST away from the sensor
            }
            """
                                                                                                   ^

./src/camera/depth_filter_manager.py:61:100: E501 line too long (105 > 99 characters)
            """
            [ Hole Filling Filter ]
            - Rectify missing data with N4-neighbors : select one of them under user-defined rule
            - range(0 ~ 2) = {
                0 : fill_from_left = use the value from the left neighbor,
                1 : farest_from_around = use the value from the N4 which is FURTHEST away from the sensor, (default)
                2 : nearest_from_around = use the value from the N4 which is CLOSEST away from the sensor
            }
            """
                                                                                                   ^

./src/camera/depth_filter_manager.py:67:23: E711 comparison to None should be 'if cond is None:'
        if filterType == None:
                      ^

./src/camera/depth_filter_manager.py:70:1: W293 blank line contains whitespace
            """
            [ Applying with disparity transformation ]
            
            ** recall : disparity = difference beteween 2 stereo cams
            """
^

./src/camera/depth_filter_manager.py:85:5: E303 too many blank lines (2)
    def _decimation_filter(self, depth_frame):
    ^

./src/camera/depth_filter_manager.py:87:1: W293 blank line contains whitespace
            
^

./src/camera/depth_filter_manager.py:95:1: W293 blank line contains whitespace
        
^

./src/camera/depth_filter_manager.py:98:100: E501 line too long (126 > 99 characters)
        # spatial.set_option(rs.option.filter_smooth_delta, 40) # my tip: increasing alpha, delta increases the filter effect!
                                                                                                   ^

./src/camera/depth_filter_manager.py:99:1: W293 blank line contains whitespace
        
^

./src/camera/depth_filter_manager.py:101:9: E303 too many blank lines (2)
        spatial_filtered_depth = spatial.process(depth_frame)
        ^

./src/camera/depth_filter_manager.py:115:33: W292 no newline at end of file
        return hole_filled_depth                                ^

./src/camera/rgbd_camera.py:7:1: E302 expected 2 blank lines, found 1
class RGBDRealsenseCamera:
^

./src/camera/rgbd_camera.py:17:100: E501 line too long (102 > 99 characters)
        config.enable_stream(rs.stream.color, resolution[0], resolution[1], rs.format.bgr8, framerate)
                                                                                                   ^

./src/camera/rgbd_camera.py:18:100: E501 line too long (101 > 99 characters)
        config.enable_stream(rs.stream.depth, resolution[0], resolution[1], rs.format.z16, framerate)
                                                                                                   ^

./src/camera/rgbd_camera.py:21:1: W293 blank line contains whitespace
        
^

./src/camera/rgbd_camera.py:22:17: E225 missing whitespace around operator
        align_to=rs.stream.color
                ^

./src/camera/rgbd_camera.py:37:1: W293 blank line contains whitespace
        
^

./src/camera/rgbd_camera.py:38:57: E251 unexpected spaces around keyword / parameter equals
    def apply_DepthFilter(self, depth_frame, filterType= None):
                                                        ^

./src/camera/rgbd_camera.py:56:58: E261 at least two spaces before inline comment
        depth_frame = self.apply_DepthFilter(depth_frame) # if you block out this code, your can observe the effect of the filter
                                                         ^

./src/camera/rgbd_camera.py:56:100: E501 line too long (129 > 99 characters)
        depth_frame = self.apply_DepthFilter(depth_frame) # if you block out this code, your can observe the effect of the filter
                                                                                                   ^

./src/camera/rgbd_camera.py:64:1: W293 blank line contains whitespace
        
^

./src/camera/rgbd_camera.py:66:5: E303 too many blank lines (2)
    def release(self):
    ^

./src/camera/rgbd_camera.py:72:1: W293 blank line contains whitespace
        
^

./src/camera/rgbd_camera.py:87:64: E251 unexpected spaces around keyword / parameter equals
                        depth_img = cv2.resize(depth_img, dsize = (rgb_dim[1], rgb_dim[0]))
                                                               ^

./src/camera/rgbd_camera.py:87:66: E251 unexpected spaces around keyword / parameter equals
                        depth_img = cv2.resize(depth_img, dsize = (rgb_dim[1], rgb_dim[0]))
                                                                 ^

./src/camera/rgbd_camera.py:90:92: E251 unexpected spaces around keyword / parameter equals
                    depth_colormap = cv2.applyColorMap(cv2.convertScaleAbs(depth_img, alpha = 0.03), cv2.COLORMAP_JET) 
                                                                                           ^

./src/camera/rgbd_camera.py:90:94: E251 unexpected spaces around keyword / parameter equals
                    depth_colormap = cv2.applyColorMap(cv2.convertScaleAbs(depth_img, alpha = 0.03), cv2.COLORMAP_JET) 
                                                                                             ^

./src/camera/rgbd_camera.py:90:100: E501 line too long (118 > 99 characters)
                    depth_colormap = cv2.applyColorMap(cv2.convertScaleAbs(depth_img, alpha = 0.03), cv2.COLORMAP_JET) 
                                                                                                   ^

./src/camera/rgbd_camera.py:90:119: W291 trailing whitespace
                    depth_colormap = cv2.applyColorMap(cv2.convertScaleAbs(depth_img, alpha = 0.03), cv2.COLORMAP_JET) 
                                                                                                                      ^

./src/camera/rgbd_camera.py:95:1: W293 blank line contains whitespace
                    
^

./src/camera/rgbd_camera.py:113:1: E303 too many blank lines (3)
if __name__ == "__main__":
^

./src/camera/rgbd_camera.py:115:23: W292 no newline at end of file
    rgbd.view_by_cv2()                      ^

./src/camera/rgb_camera.py:6:1: E302 expected 2 blank lines, found 1
class RGBRealsenseCamera:
^

./src/camera/rgb_camera.py:21:100: E501 line too long (102 > 99 characters)
        config.enable_stream(rs.stream.color, resolution[0], resolution[1], rs.format.bgr8, framerate)
                                                                                                   ^

./src/camera/rgb_camera.py:24:1: W293 blank line contains whitespace
        
^

./src/camera/rgb_camera.py:25:17: E225 missing whitespace around operator
        align_to=rs.stream.color
                ^

./src/camera/rgb_camera.py:40:1: W293 blank line contains whitespace
        
^

./src/camera/rgb_camera.py:42:5: E303 too many blank lines (2)
    def get_frame_stream(self):
    ^

./src/camera/rgb_camera.py:56:1: W293 blank line contains whitespace
        
^

./src/camera/rgb_camera.py:66:21: F841 local variable 'rgb_dim' is assigned to but never used
                    rgb_dim = rgb_img.shape
                    ^

./src/camera/rgb_camera.py:68:1: W293 blank line contains whitespace
                   
^

./src/camera/rgb_camera.py:69:21: E303 too many blank lines (2)
                    cv2.namedWindow("RGBD Camera Experiment- RGB", cv2.WINDOW_AUTOSIZE)
                    ^

./src/camera/rgb_camera.py:86:1: E303 too many blank lines (3)
if __name__ == "__main__":
^

./src/camera/rgb_camera.py:88:23: W292 no newline at end of file
    rgbd.view_by_cv2()                      ^

./src/camera/camera_constants.py:6:100: E501 line too long (125 > 99 characters)
"""
[ CAMERA CONSTANTS ]
* This file includes all basic settings / hard-code needed information of Intel RealSense Camera connected to the DCCA Agent.
Please add constants you need below whenever you code it. *
<CAMERA CONSTANTS>
- frame width
- frame hieght
- fps
- device product line
- whether rgb channel is possible or not
"""
                                                                                                   ^

./src/camera/camera_constants.py:18:1: E303 too many blank lines (3)
"""
^

./src/camera/camera_constants.py:19:33: W291 trailing whitespace
"""
**RESOLUTION TUNING TRIAL LOG!** 
[WARNING] : this is only subjective assessment, so it might vary under your environment or purpose...
[example DEVICE] : IntelRealsense D435 + NVDIA Jetson Nano
HD : not working
SVGA : not working
WVGA : not working
VGA : minimum latency, affordable!
QVGA : not working
240p : not working
"""
                                ^

./src/camera/camera_constants.py:20:100: E501 line too long (101 > 99 characters)
"""
**RESOLUTION TUNING TRIAL LOG!** 
[WARNING] : this is only subjective assessment, so it might vary under your environment or purpose...
[example DEVICE] : IntelRealsense D435 + NVDIA Jetson Nano
HD : not working
SVGA : not working
WVGA : not working
VGA : minimum latency, affordable!
QVGA : not working
240p : not working
"""
                                                                                                   ^

./src/camera/camera_constants.py:55:100: E501 line too long (101 > 99 characters)
"""
**FRAME RATE TUNING TRIAL LOG!**
[WARNING] : this is only subjective assessment, so it might vary under your environment or purpose...
[example DEVICE] : IntelRealsense D435 + NVDIA Jetson Nano
120 : not working
100 : not working
90 : not working
60 : doable
30 : not bad
15 : least working
"""
                                                                                                   ^

./src/camera/camera_constants.py:64:16: E261 at least two spaces before inline comment
FRAME_RATE = 30 # aka, FPS
               ^

./src/camera/camera_constants.py:66:1: E302 expected 2 blank lines, found 1
def device_checker():
^

./src/camera/camera_constants.py:82:1: E302 expected 2 blank lines, found 1
@dataclass
^

./src/camera/camera_constants.py:95:20: W291 trailing whitespace
    # - No Underbar 
                   ^

./src/camera/camera_constants.py:98:1: W293 blank line contains whitespace
    
^

./src/camera/camera_constants.py:99:15: E203 whitespace before ':'
    FrameWidth : int = FRAME_WIDTH
              ^

./src/camera/camera_constants.py:100:16: E203 whitespace before ':'
    FrameHeight : int = FRAME_HEIGHT
               ^

./src/camera/camera_constants.py:101:14: E203 whitespace before ':'
    FrameRate : int = FRAME_RATE
             ^

./src/camera/camera_constants.py:103:35: E261 at least two spaces before inline comment
    device_info = device_checker() # this is not an intended attribute
                                  ^

./src/camera/camera_constants.py:104:8: E203 whitespace before ':'
    RGB : bool = device_info[0]
       ^

./src/camera/camera_constants.py:105:22: E203 whitespace before ':'
    DeviceProductLine : str = device_info[1]
                     ^

./src/camera/camera_constants.py:109:1: E303 too many blank lines (3)
###################
^

./src/camera/camera_constants.py:113:1: E305 expected 2 blank lines after class or function definition, found 3
N_CLUSTERS = 3
^

./src/camera/camera_constants.py:114:1: W293 blank line contains whitespace
    
^

./src/camera/camera_publisher.py:7:1: E302 expected 2 blank lines, found 1
class CameraPublisher(Node):
^

./src/camera/camera_publisher.py:18:24: E251 unexpected spaces around keyword / parameter equals
            reliability = rclpy.qos.Reliability.BEST_EFFORT,
                       ^

./src/camera/camera_publisher.py:18:26: E251 unexpected spaces around keyword / parameter equals
            reliability = rclpy.qos.Reliability.BEST_EFFORT,
                         ^

./src/camera/camera_publisher.py:19:20: E251 unexpected spaces around keyword / parameter equals
            history = rclpy.qos.HistoryPolicy.KEEP_LAST,
                   ^

./src/camera/camera_publisher.py:19:22: E251 unexpected spaces around keyword / parameter equals
            history = rclpy.qos.HistoryPolicy.KEEP_LAST,
                     ^

./src/camera/camera_publisher.py:20:18: E251 unexpected spaces around keyword / parameter equals
            depth = 1
                 ^

./src/camera/camera_publisher.py:20:20: E251 unexpected spaces around keyword / parameter equals
            depth = 1
                   ^

./src/camera/camera_publisher.py:25:23: W291 trailing whitespace
            qos_policy 
                      ^

./src/camera/camera_publisher.py:34:1: W293 blank line contains whitespace
    
^

./src/camera/camera_publisher.py:42:42: E251 unexpected spaces around keyword / parameter equals
        rclpy.spin_once(self, timeout_sec = 0.1)
                                         ^

./src/camera/camera_publisher.py:42:44: E251 unexpected spaces around keyword / parameter equals
        rclpy.spin_once(self, timeout_sec = 0.1)
                                           ^

./src/camera/camera_publisher.py:47:1: E305 expected 2 blank lines after class or function definition, found 1
if __name__ == "__main__":
^

./src/camera/camera_publisher.py:48:20: E251 unexpected spaces around keyword / parameter equals
    rclpy.init(args = None)
                   ^

./src/camera/camera_publisher.py:48:22: E251 unexpected spaces around keyword / parameter equals
    rclpy.init(args = None)
                     ^

5     E203 whitespace before ':'
3     E225 missing whitespace around operator
17    E251 unexpected spaces around keyword / parameter equals
3     E261 at least two spaces before inline comment
6     E302 expected 2 blank lines, found 1
9     E303 too many blank lines (3)
2     E305 expected 2 blank lines after class or function definition, found 3
17    E501 line too long (125 > 99 characters)
1     E711 comparison to None should be 'if cond is None:'
1     F841 local variable 'rgb_dim' is assigned to but never used
4     W291 trailing whitespace
3     W292 no newline at end of file
16    W293 blank line contains whitespace

6 files checked
87 errors

'E'-type errors: 63
'F'-type errors: 1
'W'-type errors: 23

Checked files:

* ./src/camera/depth_filter_manager.py
* ./src/camera/rgbd_camera.py
* ./src/camera/rgb_camera.py
* ./src/camera/camera_constants.py
* ./src/camera/camera_publisher.py
* ./src/lidar/__init__.py
-- run_test.py: return code 1
-- run_test.py: verify result file '/home/r1mini/sungsik_ws/build/hrdp_sensors/test_results/hrdp_sensors/flake8.xunit.xml'
<end of output>
Test time =  18.43 sec
----------------------------------------------------------
Test Failed.
"flake8" end time: Nov 21 17:39 KST
"flake8" time elapsed: 00:00:18
----------------------------------------------------------

3/5 Testing: lint_cmake
3/5 Test: lint_cmake
Command: "/usr/bin/python3" "-u" "/opt/ros/foxy/share/ament_cmake_test/cmake/run_test.py" "/home/r1mini/sungsik_ws/build/hrdp_sensors/test_results/hrdp_sensors/lint_cmake.xunit.xml" "--package-name" "hrdp_sensors" "--output-file" "/home/r1mini/sungsik_ws/build/hrdp_sensors/ament_lint_cmake/lint_cmake.txt" "--command" "/opt/ros/foxy/bin/ament_lint_cmake" "--xunit-file" "/home/r1mini/sungsik_ws/build/hrdp_sensors/test_results/hrdp_sensors/lint_cmake.xunit.xml"
Directory: /home/r1mini/sungsik_ws/src/hrdp_sensors
"lint_cmake" start time: Nov 21 17:39 KST
Output:
----------------------------------------------------------
-- run_test.py: invoking following command in '/home/r1mini/sungsik_ws/src/hrdp_sensors':
 - /opt/ros/foxy/bin/ament_lint_cmake --xunit-file /home/r1mini/sungsik_ws/build/hrdp_sensors/test_results/hrdp_sensors/lint_cmake.xunit.xml

No problems found
-- run_test.py: return code 0
-- run_test.py: verify result file '/home/r1mini/sungsik_ws/build/hrdp_sensors/test_results/hrdp_sensors/lint_cmake.xunit.xml'
<end of output>
Test time =   6.65 sec
----------------------------------------------------------
Test Passed.
"lint_cmake" end time: Nov 21 17:40 KST
"lint_cmake" time elapsed: 00:00:06
----------------------------------------------------------

4/5 Testing: pep257
4/5 Test: pep257
Command: "/usr/bin/python3" "-u" "/opt/ros/foxy/share/ament_cmake_test/cmake/run_test.py" "/home/r1mini/sungsik_ws/build/hrdp_sensors/test_results/hrdp_sensors/pep257.xunit.xml" "--package-name" "hrdp_sensors" "--output-file" "/home/r1mini/sungsik_ws/build/hrdp_sensors/ament_pep257/pep257.txt" "--command" "/opt/ros/foxy/bin/ament_pep257" "--xunit-file" "/home/r1mini/sungsik_ws/build/hrdp_sensors/test_results/hrdp_sensors/pep257.xunit.xml"
Directory: /home/r1mini/sungsik_ws/src/hrdp_sensors
"pep257" start time: Nov 21 17:40 KST
Output:
----------------------------------------------------------
-- run_test.py: invoking following command in '/home/r1mini/sungsik_ws/src/hrdp_sensors':
 - /opt/ros/foxy/bin/ament_pep257 --xunit-file /home/r1mini/sungsik_ws/build/hrdp_sensors/test_results/hrdp_sensors/pep257.xunit.xml
./src/camera/camera_constants.py:83 in public class `CameraConstants`: D211: No blank lines allowed before class docstring (found 1)
./src/camera/camera_constants.py:83 in public class `CameraConstants`: D205: 1 blank line required between summary line and description (found 0)
./src/camera/camera_constants.py:83 in public class `CameraConstants`: D400: First line should end with a period (not ']')
./src/camera/camera_publisher.py:7 in public class `CameraPublisher`: D204: 1 blank line required after class docstring (found 0)
./src/camera/camera_publisher.py:7 in public class `CameraPublisher`: D205: 1 blank line required between summary line and description (found 0)
./src/camera/camera_publisher.py:7 in public class `CameraPublisher`: D400: First line should end with a period (not 'r')
./src/camera/depth_filter_manager.py:8 in public method `apply_DepthFilter`: D200: One-line docstring should fit on one line with quotes (found 3)
./src/camera/depth_filter_manager.py:8 in public method `apply_DepthFilter`: D400: First line should end with a period (not '!')
./src/camera/depth_filter_manager.py:8 in public method `apply_DepthFilter`: D401: First line should be in imperative mood ('Apply', not 'Applying')
./src/camera/rgb_camera.py:6 in public class `RGBRealsenseCamera`: D204: 1 blank line required after class docstring (found 0)
./src/camera/rgb_camera.py:6 in public class `RGBRealsenseCamera`: D205: 1 blank line required between summary line and description (found 0)
./src/camera/rgb_camera.py:6 in public class `RGBRealsenseCamera`: D400: First line should end with a period (not 'a')
./src/camera/rgbd_camera.py:38 in public method `apply_DepthFilter`: D200: One-line docstring should fit on one line with quotes (found 3)
./src/camera/rgbd_camera.py:38 in public method `apply_DepthFilter`: D400: First line should end with a period (not '!')
./src/camera/rgbd_camera.py:38 in public method `apply_DepthFilter`: D401: First line should be in imperative mood ('Apply', not 'Applying')
15 errors
checking ./src/camera/camera_constants.py
checking ./src/camera/camera_publisher.py
checking ./src/camera/depth_filter_manager.py
checking ./src/camera/rgb_camera.py
checking ./src/camera/rgbd_camera.py
checking ./src/lidar/__init__.py
-- run_test.py: return code 1
-- run_test.py: verify result file '/home/r1mini/sungsik_ws/build/hrdp_sensors/test_results/hrdp_sensors/pep257.xunit.xml'
<end of output>
Test time =   8.06 sec
----------------------------------------------------------
Test Failed.
"pep257" end time: Nov 21 17:40 KST
"pep257" time elapsed: 00:00:08
----------------------------------------------------------

5/5 Testing: xmllint
5/5 Test: xmllint
Command: "/usr/bin/python3" "-u" "/opt/ros/foxy/share/ament_cmake_test/cmake/run_test.py" "/home/r1mini/sungsik_ws/build/hrdp_sensors/test_results/hrdp_sensors/xmllint.xunit.xml" "--package-name" "hrdp_sensors" "--output-file" "/home/r1mini/sungsik_ws/build/hrdp_sensors/ament_xmllint/xmllint.txt" "--command" "/opt/ros/foxy/bin/ament_xmllint" "--xunit-file" "/home/r1mini/sungsik_ws/build/hrdp_sensors/test_results/hrdp_sensors/xmllint.xunit.xml"
Directory: /home/r1mini/sungsik_ws/src/hrdp_sensors
"xmllint" start time: Nov 21 17:40 KST
Output:
----------------------------------------------------------
-- run_test.py: invoking following command in '/home/r1mini/sungsik_ws/src/hrdp_sensors':
 - /opt/ros/foxy/bin/ament_xmllint --xunit-file /home/r1mini/sungsik_ws/build/hrdp_sensors/test_results/hrdp_sensors/xmllint.xunit.xml
File 'package.xml' is valid

No problems found
-- run_test.py: return code 0
-- run_test.py: verify result file '/home/r1mini/sungsik_ws/build/hrdp_sensors/test_results/hrdp_sensors/xmllint.xunit.xml'
<end of output>
Test time =   6.58 sec
----------------------------------------------------------
Test Passed.
"xmllint" end time: Nov 21 17:40 KST
"xmllint" time elapsed: 00:00:06
----------------------------------------------------------

End testing: Nov 21 17:40 KST

copyright =   8.69 sec*proc

flake8 =  18.43 sec*proc

lint_cmake =   6.65 sec*proc

linter =  48.42 sec*proc

pep257 =   8.06 sec*proc

xmllint =   6.58 sec*proc

