<?xml version="1.0" encoding="UTF-8"?>
<Site BuildName="(empty)"
	BuildStamp="20221121-0838-Experimental"
	Name="ros2"
	Generator="ctest-3.16.3"
	CompilerName="/usr/bin/c++"
	CompilerVersion="9.4.0"
	OSName="Linux"
	Hostname="ros2"
	OSRelease="4.9.140-tegra"
	OSVersion="#1 SMP PREEMPT Mon Dec 9 22:47:42 PST 2019"
	OSPlatform="aarch64"
	Is64Bits="1"
	VendorString=""
	VendorID="Unknown Manufacturer"
	FamilyID="8"
	ModelID="0"
	ProcessorCacheSize="0"
	NumberOfLogicalCPU="4"
	NumberOfPhysicalCPU="1"
	TotalVirtualMemory="8122"
	TotalPhysicalMemory="3956"
	LogicalProcessorsPerPhysical="4"
	ProcessorClockFrequency="0"
	>
	<Testing>
		<StartDateTime>Nov 21 17:38 KST</StartDateTime>
		<StartTestTime>1669019936</StartTestTime>
		<TestList>
			<Test>./copyright</Test>
			<Test>./flake8</Test>
			<Test>./lint_cmake</Test>
			<Test>./pep257</Test>
			<Test>./xmllint</Test>
		</TestList>
		<Test Status="failed">
			<Name>copyright</Name>
			<Path>.</Path>
			<FullName>./copyright</FullName>
			<FullCommandLine>/usr/bin/python3 "-u" "/opt/ros/foxy/share/ament_cmake_test/cmake/run_test.py" "/home/r1mini/sungsik_ws/build/hrdp_beta/test_results/hrdp_beta/copyright.xunit.xml" "--package-name" "hrdp_beta" "--output-file" "/home/r1mini/sungsik_ws/build/hrdp_beta/ament_copyright/copyright.txt" "--command" "/opt/ros/foxy/bin/ament_copyright" "--xunit-file" "/home/r1mini/sungsik_ws/build/hrdp_beta/test_results/hrdp_beta/copyright.xunit.xml"</FullCommandLine>
			<Results>
				<NamedMeasurement type="text/string" name="Exit Code">
					<Value>Failed</Value>
				</NamedMeasurement>
				<NamedMeasurement type="text/string" name="Exit Value">
					<Value>1</Value>
				</NamedMeasurement>
				<NamedMeasurement type="numeric/double" name="Execution Time">
					<Value>8.7558</Value>
				</NamedMeasurement>
				<NamedMeasurement type="numeric/double" name="Processors">
					<Value>1</Value>
				</NamedMeasurement>
				<NamedMeasurement type="text/string" name="Completion Status">
					<Value>Completed</Value>
				</NamedMeasurement>
				<NamedMeasurement type="text/string" name="Command Line">
					<Value>/usr/bin/python3 "-u" "/opt/ros/foxy/share/ament_cmake_test/cmake/run_test.py" "/home/r1mini/sungsik_ws/build/hrdp_beta/test_results/hrdp_beta/copyright.xunit.xml" "--package-name" "hrdp_beta" "--output-file" "/home/r1mini/sungsik_ws/build/hrdp_beta/ament_copyright/copyright.txt" "--command" "/opt/ros/foxy/bin/ament_copyright" "--xunit-file" "/home/r1mini/sungsik_ws/build/hrdp_beta/test_results/hrdp_beta/copyright.xunit.xml"</Value>
				</NamedMeasurement>
				<Measurement>
					<Value>-- run_test.py: invoking following command in '/home/r1mini/sungsik_ws/src/hrdp_beta':
 - /opt/ros/foxy/bin/ament_copyright --xunit-file /home/r1mini/sungsik_ws/build/hrdp_beta/test_results/hrdp_beta/copyright.xunit.xml
src/sensors/sensor_manager.py: could not find copyright notice
1 errors, checked 6 files
-- run_test.py: return code 1
-- run_test.py: verify result file '/home/r1mini/sungsik_ws/build/hrdp_beta/test_results/hrdp_beta/copyright.xunit.xml'
</Value>
				</Measurement>
			</Results>
			<Labels>
				<Label>copyright</Label>
				<Label>linter</Label>
			</Labels>
		</Test>
		<Test Status="failed">
			<Name>flake8</Name>
			<Path>.</Path>
			<FullName>./flake8</FullName>
			<FullCommandLine>/usr/bin/python3 "-u" "/opt/ros/foxy/share/ament_cmake_test/cmake/run_test.py" "/home/r1mini/sungsik_ws/build/hrdp_beta/test_results/hrdp_beta/flake8.xunit.xml" "--package-name" "hrdp_beta" "--output-file" "/home/r1mini/sungsik_ws/build/hrdp_beta/ament_flake8/flake8.txt" "--command" "/opt/ros/foxy/bin/ament_flake8" "--xunit-file" "/home/r1mini/sungsik_ws/build/hrdp_beta/test_results/hrdp_beta/flake8.xunit.xml"</FullCommandLine>
			<Results>
				<NamedMeasurement type="text/string" name="Exit Code">
					<Value>Failed</Value>
				</NamedMeasurement>
				<NamedMeasurement type="text/string" name="Exit Value">
					<Value>1</Value>
				</NamedMeasurement>
				<NamedMeasurement type="numeric/double" name="Execution Time">
					<Value>16.3114</Value>
				</NamedMeasurement>
				<NamedMeasurement type="numeric/double" name="Processors">
					<Value>1</Value>
				</NamedMeasurement>
				<NamedMeasurement type="text/string" name="Completion Status">
					<Value>Completed</Value>
				</NamedMeasurement>
				<NamedMeasurement type="text/string" name="Command Line">
					<Value>/usr/bin/python3 "-u" "/opt/ros/foxy/share/ament_cmake_test/cmake/run_test.py" "/home/r1mini/sungsik_ws/build/hrdp_beta/test_results/hrdp_beta/flake8.xunit.xml" "--package-name" "hrdp_beta" "--output-file" "/home/r1mini/sungsik_ws/build/hrdp_beta/ament_flake8/flake8.txt" "--command" "/opt/ros/foxy/bin/ament_flake8" "--xunit-file" "/home/r1mini/sungsik_ws/build/hrdp_beta/test_results/hrdp_beta/flake8.xunit.xml"</Value>
				</NamedMeasurement>
				<Measurement>
					<Value>-- run_test.py: invoking following command in '/home/r1mini/sungsik_ws/src/hrdp_beta':
 - /opt/ros/foxy/bin/ament_flake8 --xunit-file /home/r1mini/sungsik_ws/build/hrdp_beta/test_results/hrdp_beta/flake8.xunit.xml

./src/sensors/sensor_manager.py:1:1: F401 'rclpy' imported but unused
import rclpy
^

./src/sensors/sensor_manager.py:3:1: F403 'from lidar import *' used; unable to detect undefined names
from lidar import *
^

./src/sensors/sensor_manager.py:3:1: F401 'lidar.*' imported but unused
from lidar import *
^

./src/sensors/sensor_manager.py:23:1: W391 blank line at end of file
        ^

./src/sensors/sensor_manager.py:23:1: W293 blank line contains whitespace
        ^

2     F401 'rclpy' imported but unused
1     F403 'from lidar import *' used; unable to detect undefined names
1     W293 blank line contains whitespace
1     W391 blank line at end of file

6 files checked
5 errors

'F'-type errors: 3
'W'-type errors: 2

Checked files:

* ./src/sensors/sensor_manager.py
* ./src/sensors/camera/__init__.py
* ./src/core/localization/__init__.py
* ./src/core/naviagation/__init__.py
* ./src/core/interface/ears.py
* ./src/core/interface/mouth.py
-- run_test.py: return code 1
-- run_test.py: verify result file '/home/r1mini/sungsik_ws/build/hrdp_beta/test_results/hrdp_beta/flake8.xunit.xml'
</Value>
				</Measurement>
			</Results>
			<Labels>
				<Label>flake8</Label>
				<Label>linter</Label>
			</Labels>
		</Test>
		<Test Status="passed">
			<Name>lint_cmake</Name>
			<Path>.</Path>
			<FullName>./lint_cmake</FullName>
			<FullCommandLine>/usr/bin/python3 "-u" "/opt/ros/foxy/share/ament_cmake_test/cmake/run_test.py" "/home/r1mini/sungsik_ws/build/hrdp_beta/test_results/hrdp_beta/lint_cmake.xunit.xml" "--package-name" "hrdp_beta" "--output-file" "/home/r1mini/sungsik_ws/build/hrdp_beta/ament_lint_cmake/lint_cmake.txt" "--command" "/opt/ros/foxy/bin/ament_lint_cmake" "--xunit-file" "/home/r1mini/sungsik_ws/build/hrdp_beta/test_results/hrdp_beta/lint_cmake.xunit.xml"</FullCommandLine>
			<Results>
				<NamedMeasurement type="numeric/double" name="Execution Time">
					<Value>8.02237</Value>
				</NamedMeasurement>
				<NamedMeasurement type="numeric/double" name="Processors">
					<Value>1</Value>
				</NamedMeasurement>
				<NamedMeasurement type="text/string" name="Completion Status">
					<Value>Completed</Value>
				</NamedMeasurement>
				<NamedMeasurement type="text/string" name="Command Line">
					<Value>/usr/bin/python3 "-u" "/opt/ros/foxy/share/ament_cmake_test/cmake/run_test.py" "/home/r1mini/sungsik_ws/build/hrdp_beta/test_results/hrdp_beta/lint_cmake.xunit.xml" "--package-name" "hrdp_beta" "--output-file" "/home/r1mini/sungsik_ws/build/hrdp_beta/ament_lint_cmake/lint_cmake.txt" "--command" "/opt/ros/foxy/bin/ament_lint_cmake" "--xunit-file" "/home/r1mini/sungsik_ws/build/hrdp_beta/test_results/hrdp_beta/lint_cmake.xunit.xml"</Value>
				</NamedMeasurement>
				<Measurement>
					<Value>-- run_test.py: invoking following command in '/home/r1mini/sungsik_ws/src/hrdp_beta':
 - /opt/ros/foxy/bin/ament_lint_cmake --xunit-file /home/r1mini/sungsik_ws/build/hrdp_beta/test_results/hrdp_beta/lint_cmake.xunit.xml

No problems found
-- run_test.py: return code 0
-- run_test.py: verify result file '/home/r1mini/sungsik_ws/build/hrdp_beta/test_results/hrdp_beta/lint_cmake.xunit.xml'
</Value>
				</Measurement>
			</Results>
			<Labels>
				<Label>lint_cmake</Label>
				<Label>linter</Label>
			</Labels>
		</Test>
		<Test Status="failed">
			<Name>pep257</Name>
			<Path>.</Path>
			<FullName>./pep257</FullName>
			<FullCommandLine>/usr/bin/python3 "-u" "/opt/ros/foxy/share/ament_cmake_test/cmake/run_test.py" "/home/r1mini/sungsik_ws/build/hrdp_beta/test_results/hrdp_beta/pep257.xunit.xml" "--package-name" "hrdp_beta" "--output-file" "/home/r1mini/sungsik_ws/build/hrdp_beta/ament_pep257/pep257.txt" "--command" "/opt/ros/foxy/bin/ament_pep257" "--xunit-file" "/home/r1mini/sungsik_ws/build/hrdp_beta/test_results/hrdp_beta/pep257.xunit.xml"</FullCommandLine>
			<Results>
				<NamedMeasurement type="text/string" name="Exit Code">
					<Value>Failed</Value>
				</NamedMeasurement>
				<NamedMeasurement type="text/string" name="Exit Value">
					<Value>1</Value>
				</NamedMeasurement>
				<NamedMeasurement type="numeric/double" name="Execution Time">
					<Value>13.0107</Value>
				</NamedMeasurement>
				<NamedMeasurement type="numeric/double" name="Processors">
					<Value>1</Value>
				</NamedMeasurement>
				<NamedMeasurement type="text/string" name="Completion Status">
					<Value>Completed</Value>
				</NamedMeasurement>
				<NamedMeasurement type="text/string" name="Command Line">
					<Value>/usr/bin/python3 "-u" "/opt/ros/foxy/share/ament_cmake_test/cmake/run_test.py" "/home/r1mini/sungsik_ws/build/hrdp_beta/test_results/hrdp_beta/pep257.xunit.xml" "--package-name" "hrdp_beta" "--output-file" "/home/r1mini/sungsik_ws/build/hrdp_beta/ament_pep257/pep257.txt" "--command" "/opt/ros/foxy/bin/ament_pep257" "--xunit-file" "/home/r1mini/sungsik_ws/build/hrdp_beta/test_results/hrdp_beta/pep257.xunit.xml"</Value>
				</NamedMeasurement>
				<Measurement>
					<Value>-- run_test.py: invoking following command in '/home/r1mini/sungsik_ws/src/hrdp_beta':
 - /opt/ros/foxy/bin/ament_pep257 --xunit-file /home/r1mini/sungsik_ws/build/hrdp_beta/test_results/hrdp_beta/pep257.xunit.xml
./src/sensors/sensor_manager.py:6 in public class `SensorManager`: D204: 1 blank line required after class docstring (found 0)
./src/sensors/sensor_manager.py:6 in public class `SensorManager`: D205: 1 blank line required between summary line and description (found 0)
./src/sensors/sensor_manager.py:6 in public class `SensorManager`: D400: First line should end with a period (not 'r')
3 errors
checking ./src/core/interface/ears.py
checking ./src/core/interface/mouth.py
checking ./src/core/localization/__init__.py
checking ./src/core/naviagation/__init__.py
checking ./src/sensors/camera/__init__.py
checking ./src/sensors/sensor_manager.py
-- run_test.py: return code 1
-- run_test.py: verify result file '/home/r1mini/sungsik_ws/build/hrdp_beta/test_results/hrdp_beta/pep257.xunit.xml'
</Value>
				</Measurement>
			</Results>
			<Labels>
				<Label>linter</Label>
				<Label>pep257</Label>
			</Labels>
		</Test>
		<Test Status="passed">
			<Name>xmllint</Name>
			<Path>.</Path>
			<FullName>./xmllint</FullName>
			<FullCommandLine>/usr/bin/python3 "-u" "/opt/ros/foxy/share/ament_cmake_test/cmake/run_test.py" "/home/r1mini/sungsik_ws/build/hrdp_beta/test_results/hrdp_beta/xmllint.xunit.xml" "--package-name" "hrdp_beta" "--output-file" "/home/r1mini/sungsik_ws/build/hrdp_beta/ament_xmllint/xmllint.txt" "--command" "/opt/ros/foxy/bin/ament_xmllint" "--xunit-file" "/home/r1mini/sungsik_ws/build/hrdp_beta/test_results/hrdp_beta/xmllint.xunit.xml"</FullCommandLine>
			<Results>
				<NamedMeasurement type="numeric/double" name="Execution Time">
					<Value>11.8327</Value>
				</NamedMeasurement>
				<NamedMeasurement type="numeric/double" name="Processors">
					<Value>1</Value>
				</NamedMeasurement>
				<NamedMeasurement type="text/string" name="Completion Status">
					<Value>Completed</Value>
				</NamedMeasurement>
				<NamedMeasurement type="text/string" name="Command Line">
					<Value>/usr/bin/python3 "-u" "/opt/ros/foxy/share/ament_cmake_test/cmake/run_test.py" "/home/r1mini/sungsik_ws/build/hrdp_beta/test_results/hrdp_beta/xmllint.xunit.xml" "--package-name" "hrdp_beta" "--output-file" "/home/r1mini/sungsik_ws/build/hrdp_beta/ament_xmllint/xmllint.txt" "--command" "/opt/ros/foxy/bin/ament_xmllint" "--xunit-file" "/home/r1mini/sungsik_ws/build/hrdp_beta/test_results/hrdp_beta/xmllint.xunit.xml"</Value>
				</NamedMeasurement>
				<Measurement>
					<Value>-- run_test.py: invoking following command in '/home/r1mini/sungsik_ws/src/hrdp_beta':
 - /opt/ros/foxy/bin/ament_xmllint --xunit-file /home/r1mini/sungsik_ws/build/hrdp_beta/test_results/hrdp_beta/xmllint.xunit.xml
File 'package.xml' is valid

No problems found
-- run_test.py: return code 0
-- run_test.py: verify result file '/home/r1mini/sungsik_ws/build/hrdp_beta/test_results/hrdp_beta/xmllint.xunit.xml'
</Value>
				</Measurement>
			</Results>
			<Labels>
				<Label>linter</Label>
				<Label>xmllint</Label>
			</Labels>
		</Test>
		<EndDateTime>Nov 21 17:39 KST</EndDateTime>
		<EndTestTime>1669019994</EndTestTime>
		<ElapsedMinutes>0</ElapsedMinutes>
	</Testing>
</Site>
