<?xml version="1.0" encoding="UTF-8"?>
<Site BuildName="(empty)"
	BuildStamp="20221121-0838-Experimental"
	Name="ros2"
	Generator="ctest-3.16.3"
	CompilerName="/usr/bin/c++"
	CompilerVersion="9.4.0"
	OSName="Linux"
	Hostname="ros2"
	OSRelease="4.9.140-tegra"
	OSVersion="#1 SMP PREEMPT Mon Dec 9 22:47:42 PST 2019"
	OSPlatform="aarch64"
	Is64Bits="1"
	VendorString=""
	VendorID="Unknown Manufacturer"
	FamilyID="8"
	ModelID="0"
	ProcessorCacheSize="0"
	NumberOfLogicalCPU="4"
	NumberOfPhysicalCPU="1"
	TotalVirtualMemory="8122"
	TotalPhysicalMemory="3956"
	LogicalProcessorsPerPhysical="4"
	ProcessorClockFrequency="0"
	>
	<Testing>
		<StartDateTime>Nov 21 17:38 KST</StartDateTime>
		<StartTestTime>1669019936</StartTestTime>
		<TestList>
			<Test>./copyright</Test>
			<Test>./lint_cmake</Test>
			<Test>./xmllint</Test>
		</TestList>
		<Test Status="passed">
			<Name>copyright</Name>
			<Path>.</Path>
			<FullName>./copyright</FullName>
			<FullCommandLine>/usr/bin/python3 "-u" "/opt/ros/foxy/share/ament_cmake_test/cmake/run_test.py" "/home/r1mini/sungsik_ws/build/hrdp_beta_actions/test_results/hrdp_beta_actions/copyright.xunit.xml" "--package-name" "hrdp_beta_actions" "--output-file" "/home/r1mini/sungsik_ws/build/hrdp_beta_actions/ament_copyright/copyright.txt" "--command" "/opt/ros/foxy/bin/ament_copyright" "--xunit-file" "/home/r1mini/sungsik_ws/build/hrdp_beta_actions/test_results/hrdp_beta_actions/copyright.xunit.xml"</FullCommandLine>
			<Results>
				<NamedMeasurement type="numeric/double" name="Execution Time">
					<Value>9.43848</Value>
				</NamedMeasurement>
				<NamedMeasurement type="numeric/double" name="Processors">
					<Value>1</Value>
				</NamedMeasurement>
				<NamedMeasurement type="text/string" name="Completion Status">
					<Value>Completed</Value>
				</NamedMeasurement>
				<NamedMeasurement type="text/string" name="Command Line">
					<Value>/usr/bin/python3 "-u" "/opt/ros/foxy/share/ament_cmake_test/cmake/run_test.py" "/home/r1mini/sungsik_ws/build/hrdp_beta_actions/test_results/hrdp_beta_actions/copyright.xunit.xml" "--package-name" "hrdp_beta_actions" "--output-file" "/home/r1mini/sungsik_ws/build/hrdp_beta_actions/ament_copyright/copyright.txt" "--command" "/opt/ros/foxy/bin/ament_copyright" "--xunit-file" "/home/r1mini/sungsik_ws/build/hrdp_beta_actions/test_results/hrdp_beta_actions/copyright.xunit.xml"</Value>
				</NamedMeasurement>
				<Measurement>
					<Value>-- run_test.py: invoking following command in '/home/r1mini/sungsik_ws/src/hrdp_beta_actions':
 - /opt/ros/foxy/bin/ament_copyright --xunit-file /home/r1mini/sungsik_ws/build/hrdp_beta_actions/test_results/hrdp_beta_actions/copyright.xunit.xml
No repository roots and files found
No problems found, checked 0 files
-- run_test.py: return code 0
-- run_test.py: verify result file '/home/r1mini/sungsik_ws/build/hrdp_beta_actions/test_results/hrdp_beta_actions/copyright.xunit.xml'
</Value>
				</Measurement>
			</Results>
			<Labels>
				<Label>copyright</Label>
				<Label>linter</Label>
			</Labels>
		</Test>
		<Test Status="failed">
			<Name>lint_cmake</Name>
			<Path>.</Path>
			<FullName>./lint_cmake</FullName>
			<FullCommandLine>/usr/bin/python3 "-u" "/opt/ros/foxy/share/ament_cmake_test/cmake/run_test.py" "/home/r1mini/sungsik_ws/build/hrdp_beta_actions/test_results/hrdp_beta_actions/lint_cmake.xunit.xml" "--package-name" "hrdp_beta_actions" "--output-file" "/home/r1mini/sungsik_ws/build/hrdp_beta_actions/ament_lint_cmake/lint_cmake.txt" "--command" "/opt/ros/foxy/bin/ament_lint_cmake" "--xunit-file" "/home/r1mini/sungsik_ws/build/hrdp_beta_actions/test_results/hrdp_beta_actions/lint_cmake.xunit.xml"</FullCommandLine>
			<Results>
				<NamedMeasurement type="text/string" name="Exit Code">
					<Value>Failed</Value>
				</NamedMeasurement>
				<NamedMeasurement type="text/string" name="Exit Value">
					<Value>1</Value>
				</NamedMeasurement>
				<NamedMeasurement type="numeric/double" name="Execution Time">
					<Value>9.10358</Value>
				</NamedMeasurement>
				<NamedMeasurement type="numeric/double" name="Processors">
					<Value>1</Value>
				</NamedMeasurement>
				<NamedMeasurement type="text/string" name="Completion Status">
					<Value>Completed</Value>
				</NamedMeasurement>
				<NamedMeasurement type="text/string" name="Command Line">
					<Value>/usr/bin/python3 "-u" "/opt/ros/foxy/share/ament_cmake_test/cmake/run_test.py" "/home/r1mini/sungsik_ws/build/hrdp_beta_actions/test_results/hrdp_beta_actions/lint_cmake.xunit.xml" "--package-name" "hrdp_beta_actions" "--output-file" "/home/r1mini/sungsik_ws/build/hrdp_beta_actions/ament_lint_cmake/lint_cmake.txt" "--command" "/opt/ros/foxy/bin/ament_lint_cmake" "--xunit-file" "/home/r1mini/sungsik_ws/build/hrdp_beta_actions/test_results/hrdp_beta_actions/lint_cmake.xunit.xml"</Value>
				</NamedMeasurement>
				<Measurement>
					<Value>-- run_test.py: invoking following command in '/home/r1mini/sungsik_ws/src/hrdp_beta_actions':
 - /opt/ros/foxy/bin/ament_lint_cmake --xunit-file /home/r1mini/sungsik_ws/build/hrdp_beta_actions/test_results/hrdp_beta_actions/lint_cmake.xunit.xml
CMakeLists.txt:24: Mismatching spaces inside () after command [whitespace/mismatch]
CMakeLists.txt:27: Weird indentation; use 2 spaces [whitespace/indent]


2 errors
-- run_test.py: return code 1
-- run_test.py: verify result file '/home/r1mini/sungsik_ws/build/hrdp_beta_actions/test_results/hrdp_beta_actions/lint_cmake.xunit.xml'
</Value>
				</Measurement>
			</Results>
			<Labels>
				<Label>lint_cmake</Label>
				<Label>linter</Label>
			</Labels>
		</Test>
		<Test Status="failed">
			<Name>xmllint</Name>
			<Path>.</Path>
			<FullName>./xmllint</FullName>
			<FullCommandLine>/usr/bin/python3 "-u" "/opt/ros/foxy/share/ament_cmake_test/cmake/run_test.py" "/home/r1mini/sungsik_ws/build/hrdp_beta_actions/test_results/hrdp_beta_actions/xmllint.xunit.xml" "--package-name" "hrdp_beta_actions" "--output-file" "/home/r1mini/sungsik_ws/build/hrdp_beta_actions/ament_xmllint/xmllint.txt" "--command" "/opt/ros/foxy/bin/ament_xmllint" "--xunit-file" "/home/r1mini/sungsik_ws/build/hrdp_beta_actions/test_results/hrdp_beta_actions/xmllint.xunit.xml"</FullCommandLine>
			<Results>
				<NamedMeasurement type="text/string" name="Exit Code">
					<Value>Failed</Value>
				</NamedMeasurement>
				<NamedMeasurement type="text/string" name="Exit Value">
					<Value>1</Value>
				</NamedMeasurement>
				<NamedMeasurement type="numeric/double" name="Execution Time">
					<Value>11.5613</Value>
				</NamedMeasurement>
				<NamedMeasurement type="numeric/double" name="Processors">
					<Value>1</Value>
				</NamedMeasurement>
				<NamedMeasurement type="text/string" name="Completion Status">
					<Value>Completed</Value>
				</NamedMeasurement>
				<NamedMeasurement type="text/string" name="Command Line">
					<Value>/usr/bin/python3 "-u" "/opt/ros/foxy/share/ament_cmake_test/cmake/run_test.py" "/home/r1mini/sungsik_ws/build/hrdp_beta_actions/test_results/hrdp_beta_actions/xmllint.xunit.xml" "--package-name" "hrdp_beta_actions" "--output-file" "/home/r1mini/sungsik_ws/build/hrdp_beta_actions/ament_xmllint/xmllint.txt" "--command" "/opt/ros/foxy/bin/ament_xmllint" "--xunit-file" "/home/r1mini/sungsik_ws/build/hrdp_beta_actions/test_results/hrdp_beta_actions/xmllint.xunit.xml"</Value>
				</NamedMeasurement>
				<Measurement>
					<Value>-- run_test.py: invoking following command in '/home/r1mini/sungsik_ws/src/hrdp_beta_actions':
 - /opt/ros/foxy/bin/ament_xmllint --xunit-file /home/r1mini/sungsik_ws/build/hrdp_beta_actions/test_results/hrdp_beta_actions/xmllint.xunit.xml
File 'package.xml' is invalid:
/home/r1mini/sungsik_ws/src/hrdp_beta_actions/package.xml:20: element test_depend: Schemas validity error : Element 'test_depend': This element is not expected. Expected is one of ( member_of_group, export ).
/home/r1mini/sungsik_ws/src/hrdp_beta_actions/package.xml fails to validate

1 files are invalid
-- run_test.py: return code 1
-- run_test.py: verify result file '/home/r1mini/sungsik_ws/build/hrdp_beta_actions/test_results/hrdp_beta_actions/xmllint.xunit.xml'
</Value>
				</Measurement>
			</Results>
			<Labels>
				<Label>linter</Label>
				<Label>xmllint</Label>
			</Labels>
		</Test>
		<EndDateTime>Nov 21 17:39 KST</EndDateTime>
		<EndTestTime>1669019966</EndTestTime>
		<ElapsedMinutes>0</ElapsedMinutes>
	</Testing>
</Site>
